Determining if the pthread_create exist failed with the following output:
Change Dir: /home/amov/swarm_ws2/build/msgs/CMakeFiles/CMakeTmp

Run Build Command:"/usr/bin/make" "cmTC_89dd2/fast"
/usr/bin/make -f CMakeFiles/cmTC_89dd2.dir/build.make CMakeFiles/cmTC_89dd2.dir/build
make[1]: Entering directory '/home/amov/swarm_ws2/build/msgs/CMakeFiles/CMakeTmp'
Building C object CMakeFiles/cmTC_89dd2.dir/CheckSymbolExists.c.o
/usr/bin/cc    -o CMakeFiles/cmTC_89dd2.dir/CheckSymbolExists.c.o   -c /home/amov/swarm_ws2/build/msgs/CMakeFiles/CMakeTmp/CheckSymbolExists.c
Linking C executable cmTC_89dd2
/usr/bin/cmake -E cmake_link_script CMakeFiles/cmTC_89dd2.dir/link.txt --verbose=1
/usr/bin/cc      -rdynamic CMakeFiles/cmTC_89dd2.dir/CheckSymbolExists.c.o  -o cmTC_89dd2 
CMakeFiles/cmTC_89dd2.dir/CheckSymbolExists.c.o: In function `main':
CheckSymbolExists.c:(.text+0x1b): undefined reference to `pthread_create'
collect2: error: ld returned 1 exit status
CMakeFiles/cmTC_89dd2.dir/build.make:97: recipe for target 'cmTC_89dd2' failed
make[1]: *** [cmTC_89dd2] Error 1
make[1]: Leaving directory '/home/amov/swarm_ws2/build/msgs/CMakeFiles/CMakeTmp'
Makefile:126: recipe for target 'cmTC_89dd2/fast' failed
make: *** [cmTC_89dd2/fast] Error 2

File /home/amov/swarm_ws2/build/msgs/CMakeFiles/CMakeTmp/CheckSymbolExists.c:
/* */
#include <pthread.h>

int main(int argc, char** argv)
{
  (void)argv;
#ifndef pthread_create
  return ((int*)(&pthread_create))[argc];
#else
  (void)argc;
  return 0;
#endif
}

Determining if the function pthread_create exists in the pthreads failed with the following output:
Change Dir: /home/amov/swarm_ws2/build/msgs/CMakeFiles/CMakeTmp

Run Build Command:"/usr/bin/make" "cmTC_56c77/fast"
/usr/bin/make -f CMakeFiles/cmTC_56c77.dir/build.make CMakeFiles/cmTC_56c77.dir/build
make[1]: Entering directory '/home/amov/swarm_ws2/build/msgs/CMakeFiles/CMakeTmp'
Building C object CMakeFiles/cmTC_56c77.dir/CheckFunctionExists.c.o
/usr/bin/cc   -DCHECK_FUNCTION_EXISTS=pthread_create   -o CMakeFiles/cmTC_56c77.dir/CheckFunctionExists.c.o   -c /usr/share/cmake-3.10/Modules/CheckFunctionExists.c
Linking C executable cmTC_56c77
/usr/bin/cmake -E cmake_link_script CMakeFiles/cmTC_56c77.dir/link.txt --verbose=1
/usr/bin/cc  -DCHECK_FUNCTION_EXISTS=pthread_create    -rdynamic CMakeFiles/cmTC_56c77.dir/CheckFunctionExists.c.o  -o cmTC_56c77 -lpthreads 
/usr/bin/ld: cannot find -lpthreads
collect2: error: ld returned 1 exit status
CMakeFiles/cmTC_56c77.dir/build.make:97: recipe for target 'cmTC_56c77' failed
make[1]: *** [cmTC_56c77] Error 1
make[1]: Leaving directory '/home/amov/swarm_ws2/build/msgs/CMakeFiles/CMakeTmp'
Makefile:126: recipe for target 'cmTC_56c77/fast' failed
make: *** [cmTC_56c77/fast] Error 2


