Determining if the pthread_create exist failed with the following output:
Change Dir: /home/amov/swarm_ws2/build/prometheus_gazebo/CMakeFiles/CMakeTmp

Run Build Command:"/usr/bin/make" "cmTC_2952a/fast"
/usr/bin/make -f CMakeFiles/cmTC_2952a.dir/build.make CMakeFiles/cmTC_2952a.dir/build
make[1]: Entering directory '/home/amov/swarm_ws2/build/prometheus_gazebo/CMakeFiles/CMakeTmp'
Building C object CMakeFiles/cmTC_2952a.dir/CheckSymbolExists.c.o
/usr/bin/cc    -o CMakeFiles/cmTC_2952a.dir/CheckSymbolExists.c.o   -c /home/amov/swarm_ws2/build/prometheus_gazebo/CMakeFiles/CMakeTmp/CheckSymbolExists.c
Linking C executable cmTC_2952a
/usr/bin/cmake -E cmake_link_script CMakeFiles/cmTC_2952a.dir/link.txt --verbose=1
/usr/bin/cc      -rdynamic CMakeFiles/cmTC_2952a.dir/CheckSymbolExists.c.o  -o cmTC_2952a 
CMakeFiles/cmTC_2952a.dir/CheckSymbolExists.c.o: In function `main':
CheckSymbolExists.c:(.text+0x1b): undefined reference to `pthread_create'
collect2: error: ld returned 1 exit status
CMakeFiles/cmTC_2952a.dir/build.make:97: recipe for target 'cmTC_2952a' failed
make[1]: *** [cmTC_2952a] Error 1
make[1]: Leaving directory '/home/amov/swarm_ws2/build/prometheus_gazebo/CMakeFiles/CMakeTmp'
Makefile:126: recipe for target 'cmTC_2952a/fast' failed
make: *** [cmTC_2952a/fast] Error 2

File /home/amov/swarm_ws2/build/prometheus_gazebo/CMakeFiles/CMakeTmp/CheckSymbolExists.c:
/* */
#include <pthread.h>

int main(int argc, char** argv)
{
  (void)argv;
#ifndef pthread_create
  return ((int*)(&pthread_create))[argc];
#else
  (void)argc;
  return 0;
#endif
}

Determining if the function pthread_create exists in the pthreads failed with the following output:
Change Dir: /home/amov/swarm_ws2/build/prometheus_gazebo/CMakeFiles/CMakeTmp

Run Build Command:"/usr/bin/make" "cmTC_b6eca/fast"
/usr/bin/make -f CMakeFiles/cmTC_b6eca.dir/build.make CMakeFiles/cmTC_b6eca.dir/build
make[1]: Entering directory '/home/amov/swarm_ws2/build/prometheus_gazebo/CMakeFiles/CMakeTmp'
Building C object CMakeFiles/cmTC_b6eca.dir/CheckFunctionExists.c.o
/usr/bin/cc   -DCHECK_FUNCTION_EXISTS=pthread_create   -o CMakeFiles/cmTC_b6eca.dir/CheckFunctionExists.c.o   -c /usr/share/cmake-3.10/Modules/CheckFunctionExists.c
Linking C executable cmTC_b6eca
/usr/bin/cmake -E cmake_link_script CMakeFiles/cmTC_b6eca.dir/link.txt --verbose=1
/usr/bin/cc  -DCHECK_FUNCTION_EXISTS=pthread_create    -rdynamic CMakeFiles/cmTC_b6eca.dir/CheckFunctionExists.c.o  -o cmTC_b6eca -lpthreads 
/usr/bin/ld: cannot find -lpthreads
collect2: error: ld returned 1 exit status
CMakeFiles/cmTC_b6eca.dir/build.make:97: recipe for target 'cmTC_b6eca' failed
make[1]: *** [cmTC_b6eca] Error 1
make[1]: Leaving directory '/home/amov/swarm_ws2/build/prometheus_gazebo/CMakeFiles/CMakeTmp'
Makefile:126: recipe for target 'cmTC_b6eca/fast' failed
make: *** [cmTC_b6eca/fast] Error 2


