Determining if the pthread_create exist failed with the following output:
Change Dir: /home/amov/swarm_ws2/build/ground_station/CMakeFiles/CMakeTmp

Run Build Command:"/usr/bin/make" "cmTC_717be/fast"
/usr/bin/make -f CMakeFiles/cmTC_717be.dir/build.make CMakeFiles/cmTC_717be.dir/build
make[1]: Entering directory '/home/amov/swarm_ws2/build/ground_station/CMakeFiles/CMakeTmp'
Building C object CMakeFiles/cmTC_717be.dir/CheckSymbolExists.c.o
/usr/bin/cc    -o CMakeFiles/cmTC_717be.dir/CheckSymbolExists.c.o   -c /home/amov/swarm_ws2/build/ground_station/CMakeFiles/CMakeTmp/CheckSymbolExists.c
Linking C executable cmTC_717be
/usr/bin/cmake -E cmake_link_script CMakeFiles/cmTC_717be.dir/link.txt --verbose=1
/usr/bin/cc      -rdynamic CMakeFiles/cmTC_717be.dir/CheckSymbolExists.c.o  -o cmTC_717be 
CMakeFiles/cmTC_717be.dir/CheckSymbolExists.c.o: In function `main':
CheckSymbolExists.c:(.text+0x1b): undefined reference to `pthread_create'
collect2: error: ld returned 1 exit status
CMakeFiles/cmTC_717be.dir/build.make:97: recipe for target 'cmTC_717be' failed
make[1]: *** [cmTC_717be] Error 1
make[1]: Leaving directory '/home/amov/swarm_ws2/build/ground_station/CMakeFiles/CMakeTmp'
Makefile:126: recipe for target 'cmTC_717be/fast' failed
make: *** [cmTC_717be/fast] Error 2

File /home/amov/swarm_ws2/build/ground_station/CMakeFiles/CMakeTmp/CheckSymbolExists.c:
/* */
#include <pthread.h>

int main(int argc, char** argv)
{
  (void)argv;
#ifndef pthread_create
  return ((int*)(&pthread_create))[argc];
#else
  (void)argc;
  return 0;
#endif
}

Determining if the function pthread_create exists in the pthreads failed with the following output:
Change Dir: /home/amov/swarm_ws2/build/ground_station/CMakeFiles/CMakeTmp

Run Build Command:"/usr/bin/make" "cmTC_d5801/fast"
/usr/bin/make -f CMakeFiles/cmTC_d5801.dir/build.make CMakeFiles/cmTC_d5801.dir/build
make[1]: Entering directory '/home/amov/swarm_ws2/build/ground_station/CMakeFiles/CMakeTmp'
Building C object CMakeFiles/cmTC_d5801.dir/CheckFunctionExists.c.o
/usr/bin/cc   -DCHECK_FUNCTION_EXISTS=pthread_create   -o CMakeFiles/cmTC_d5801.dir/CheckFunctionExists.c.o   -c /usr/share/cmake-3.10/Modules/CheckFunctionExists.c
Linking C executable cmTC_d5801
/usr/bin/cmake -E cmake_link_script CMakeFiles/cmTC_d5801.dir/link.txt --verbose=1
/usr/bin/cc  -DCHECK_FUNCTION_EXISTS=pthread_create    -rdynamic CMakeFiles/cmTC_d5801.dir/CheckFunctionExists.c.o  -o cmTC_d5801 -lpthreads 
/usr/bin/ld: cannot find -lpthreads
collect2: error: ld returned 1 exit status
CMakeFiles/cmTC_d5801.dir/build.make:97: recipe for target 'cmTC_d5801' failed
make[1]: *** [cmTC_d5801] Error 1
make[1]: Leaving directory '/home/amov/swarm_ws2/build/ground_station/CMakeFiles/CMakeTmp'
Makefile:126: recipe for target 'cmTC_d5801/fast' failed
make: *** [cmTC_d5801/fast] Error 2


