Determining if the pthread_create exist failed with the following output:
Change Dir: /home/amov/swarm_ws2/build/Utils/CMakeFiles/CMakeTmp

Run Build Command:"/usr/bin/make" "cmTC_546e4/fast"
/usr/bin/make -f CMakeFiles/cmTC_546e4.dir/build.make CMakeFiles/cmTC_546e4.dir/build
make[1]: Entering directory '/home/amov/swarm_ws2/build/Utils/CMakeFiles/CMakeTmp'
Building C object CMakeFiles/cmTC_546e4.dir/CheckSymbolExists.c.o
/usr/bin/cc    -o CMakeFiles/cmTC_546e4.dir/CheckSymbolExists.c.o   -c /home/amov/swarm_ws2/build/Utils/CMakeFiles/CMakeTmp/CheckSymbolExists.c
Linking C executable cmTC_546e4
/usr/bin/cmake -E cmake_link_script CMakeFiles/cmTC_546e4.dir/link.txt --verbose=1
/usr/bin/cc      -rdynamic CMakeFiles/cmTC_546e4.dir/CheckSymbolExists.c.o  -o cmTC_546e4 
CMakeFiles/cmTC_546e4.dir/CheckSymbolExists.c.o: In function `main':
CheckSymbolExists.c:(.text+0x1b): undefined reference to `pthread_create'
collect2: error: ld returned 1 exit status
CMakeFiles/cmTC_546e4.dir/build.make:97: recipe for target 'cmTC_546e4' failed
make[1]: *** [cmTC_546e4] Error 1
make[1]: Leaving directory '/home/amov/swarm_ws2/build/Utils/CMakeFiles/CMakeTmp'
Makefile:126: recipe for target 'cmTC_546e4/fast' failed
make: *** [cmTC_546e4/fast] Error 2

File /home/amov/swarm_ws2/build/Utils/CMakeFiles/CMakeTmp/CheckSymbolExists.c:
/* */
#include <pthread.h>

int main(int argc, char** argv)
{
  (void)argv;
#ifndef pthread_create
  return ((int*)(&pthread_create))[argc];
#else
  (void)argc;
  return 0;
#endif
}

Determining if the function pthread_create exists in the pthreads failed with the following output:
Change Dir: /home/amov/swarm_ws2/build/Utils/CMakeFiles/CMakeTmp

Run Build Command:"/usr/bin/make" "cmTC_ce42d/fast"
/usr/bin/make -f CMakeFiles/cmTC_ce42d.dir/build.make CMakeFiles/cmTC_ce42d.dir/build
make[1]: Entering directory '/home/amov/swarm_ws2/build/Utils/CMakeFiles/CMakeTmp'
Building C object CMakeFiles/cmTC_ce42d.dir/CheckFunctionExists.c.o
/usr/bin/cc   -DCHECK_FUNCTION_EXISTS=pthread_create   -o CMakeFiles/cmTC_ce42d.dir/CheckFunctionExists.c.o   -c /usr/share/cmake-3.10/Modules/CheckFunctionExists.c
Linking C executable cmTC_ce42d
/usr/bin/cmake -E cmake_link_script CMakeFiles/cmTC_ce42d.dir/link.txt --verbose=1
/usr/bin/cc  -DCHECK_FUNCTION_EXISTS=pthread_create    -rdynamic CMakeFiles/cmTC_ce42d.dir/CheckFunctionExists.c.o  -o cmTC_ce42d -lpthreads 
/usr/bin/ld: cannot find -lpthreads
collect2: error: ld returned 1 exit status
CMakeFiles/cmTC_ce42d.dir/build.make:97: recipe for target 'cmTC_ce42d' failed
make[1]: *** [cmTC_ce42d] Error 1
make[1]: Leaving directory '/home/amov/swarm_ws2/build/Utils/CMakeFiles/CMakeTmp'
Makefile:126: recipe for target 'cmTC_ce42d/fast' failed
make: *** [cmTC_ce42d/fast] Error 2


